Performing C++ SOURCE FILE Test EIGEN_COMPILER_SUPPORT_CPP11 failed with the following output:
Change Dir: C:/Users/zoes_/OneDrive/Υπολογιστής/IglTesting/eigen/out/build/x64-Debug (default)/CMakeFiles/CMakeTmp

Run Build Command(s):C:/Program Files (x86)/Microsoft Visual Studio/2019/Community/Common7/IDE/CommonExtensions/Microsoft/CMake/Ninja/ninja.exe cmTC_94f98 && [1/2] Building CXX object CMakeFiles\cmTC_94f98.dir\src.cxx.obj
cl : Command line warning D9002 : ignoring unknown option '-std=c++11'
[2/2] Linking CXX executable cmTC_94f98.exe


Source file was:
int main() { return 0; }
Performing C++ SOURCE FILE Test COMPILER_SUPPORT_std=cpp03 failed with the following output:
Change Dir: C:/Users/zoes_/OneDrive/Υπολογιστής/IglTesting/eigen/out/build/x64-Debug (default)/CMakeFiles/CMakeTmp

Run Build Command(s):C:/Program Files (x86)/Microsoft Visual Studio/2019/Community/Common7/IDE/CommonExtensions/Microsoft/CMake/Ninja/ninja.exe cmTC_6c544 && [1/2] Building CXX object CMakeFiles\cmTC_6c544.dir\src.cxx.obj
cl : Command line warning D9002 : ignoring unknown option '-std=c++03'
[2/2] Linking CXX executable cmTC_6c544.exe


Source file was:
int main() { return 0; }
Determining if the include file pthread.h exists failed with the following output:
Change Dir: C:/Users/zoes_/OneDrive/Υπολογιστής/IglTesting/eigen/out/build/x64-Debug (default)/CMakeFiles/CMakeTmp

Run Build Command(s):C:/Program Files (x86)/Microsoft Visual Studio/2019/Community/Common7/IDE/CommonExtensions/Microsoft/CMake/Ninja/ninja.exe cmTC_a3b5e && [1/2] Building C object CMakeFiles\cmTC_a3b5e.dir\CheckIncludeFile.c.obj
FAILED: CMakeFiles/cmTC_a3b5e.dir/CheckIncludeFile.c.obj 
C:\PROGRA~2\MICROS~1\2019\COMMUN~1\VC\Tools\MSVC\1427~1.291\bin\Hostx64\x64\cl.exe  /nologo   /DWIN32 /D_WINDOWS /W3  /MDd /Zi /Ob0 /Od /RTC1 /showIncludes /FoCMakeFiles\cmTC_a3b5e.dir\CheckIncludeFile.c.obj /FdCMakeFiles\cmTC_a3b5e.dir\ /FS -c CheckIncludeFile.c
CheckIncludeFile.c(1): fatal error C1083: Cannot open include file: 'pthread.h': No such file or directory
ninja: build stopped: subcommand failed.



The MPI test test_mpi for C in mode normal failed to compile with the following output:
Change Dir: C:/Users/zoes_/OneDrive/Υπολογιστής/IglTesting/eigen/out/build/x64-Debug (default)/CMakeFiles/CMakeTmp

Run Build Command(s):C:/Program Files (x86)/Microsoft Visual Studio/2019/Community/Common7/IDE/CommonExtensions/Microsoft/CMake/Ninja/ninja.exe cmTC_2db17 && [1/2] Building C object CMakeFiles\cmTC_2db17.dir\test_mpi.c.obj
FAILED: CMakeFiles/cmTC_2db17.dir/test_mpi.c.obj 
C:\PROGRA~2\MICROS~1\2019\COMMUN~1\VC\Tools\MSVC\1427~1.291\bin\Hostx64\x64\cl.exe  /nologo   /DWIN32 /D_WINDOWS /W3  /MDd /Zi /Ob0 /Od /RTC1 /showIncludes /FoCMakeFiles\cmTC_2db17.dir\test_mpi.c.obj /FdCMakeFiles\cmTC_2db17.dir\ /FS -c "C:\Program Files (x86)\Microsoft Visual Studio\2019\Community\Common7\IDE\CommonExtensions\Microsoft\CMake\CMake\share\cmake-3.17\Modules\FindMPI\test_mpi.c"
C:\Program Files (x86)\Microsoft Visual Studio\2019\Community\Common7\IDE\CommonExtensions\Microsoft\CMake\CMake\share\cmake-3.17\Modules\FindMPI\test_mpi.c(1): fatal error C1083: Cannot open include file: 'mpi.h': No such file or directory
ninja: build stopped: subcommand failed.



The MPI test test_mpi for CXX in mode normal failed to compile with the following output:
Change Dir: C:/Users/zoes_/OneDrive/Υπολογιστής/IglTesting/eigen/out/build/x64-Debug (default)/CMakeFiles/CMakeTmp

Run Build Command(s):C:/Program Files (x86)/Microsoft Visual Studio/2019/Community/Common7/IDE/CommonExtensions/Microsoft/CMake/Ninja/ninja.exe cmTC_7260b && [1/2] Building CXX object CMakeFiles\cmTC_7260b.dir\test_mpi.cpp.obj
FAILED: CMakeFiles/cmTC_7260b.dir/test_mpi.cpp.obj 
C:\PROGRA~2\MICROS~1\2019\COMMUN~1\VC\Tools\MSVC\1427~1.291\bin\Hostx64\x64\cl.exe  /nologo /TP   /DWIN32 /D_WINDOWS /W4 /GR /EHsc /EHsc /wd4127 /wd4505 /wd4714 /D_CRT_SECURE_NO_WARNINGS /D_SCL_SECURE_NO_WARNINGS  /MDd /Zi /Ob0 /Od /RTC1 /showIncludes /FoCMakeFiles\cmTC_7260b.dir\test_mpi.cpp.obj /FdCMakeFiles\cmTC_7260b.dir\ /FS -c "C:\Users\zoes_\OneDrive\╒ΏΎΈΎήώ≤Ϊ▐≥\IglTesting\eigen\out\build\x64-Debug (default)\CMakeFiles\FindMPI\test_mpi.cpp"
C:\Users\zoes_\OneDrive\Υπολογιστής\IglTesting\eigen\out\build\x64-Debug (default)\CMakeFiles\FindMPI\test_mpi.cpp(1): fatal error C1083: Cannot open include file: 'mpi.h': No such file or directory
ninja: build stopped: subcommand failed.



Performing C SOURCE FILE Test SCOTCH_Num_4 failed with the following compile output:
Change Dir: C:/Users/zoes_/OneDrive/Υπολογιστής/IglTesting/eigen/out/build/x64-Debug (default)/CMakeFiles/CMakeTmp

Run Build Command(s):C:/Program Files (x86)/Microsoft Visual Studio/2019/Community/Common7/IDE/CommonExtensions/Microsoft/CMake/Ninja/ninja.exe cmTC_a483a && [1/2] Building C object CMakeFiles\cmTC_a483a.dir\src.c.obj
FAILED: CMakeFiles/cmTC_a483a.dir/src.c.obj 
C:\PROGRA~2\MICROS~1\2019\COMMUN~1\VC\Tools\MSVC\1427~1.291\bin\Hostx64\x64\cl.exe  /nologo   /DWIN32 /D_WINDOWS /W3 -DSCOTCH_Num_4 /MDd /Zi /Ob0 /Od /RTC1 /showIncludes /FoCMakeFiles\cmTC_a483a.dir\src.c.obj /FdCMakeFiles\cmTC_a483a.dir\ /FS -c src.c
src.c(4): fatal error C1083: Cannot open include file: 'scotch.h': No such file or directory
ninja: build stopped: subcommand failed.


...and run output:

Return value: 1
Source file was:

#include <stdio.h>
#include <stdint.h>
#include <scotch.h>
int main(int argc, char **argv) {
  if (sizeof(SCOTCH_Num) == 4)
    return 0;
  else
    return 1;
}

Performing C SOURCE FILE Test SCOTCH_Num_8 failed with the following compile output:
Change Dir: C:/Users/zoes_/OneDrive/Υπολογιστής/IglTesting/eigen/out/build/x64-Debug (default)/CMakeFiles/CMakeTmp

Run Build Command(s):C:/Program Files (x86)/Microsoft Visual Studio/2019/Community/Common7/IDE/CommonExtensions/Microsoft/CMake/Ninja/ninja.exe cmTC_b3596 && [1/2] Building C object CMakeFiles\cmTC_b3596.dir\src.c.obj
FAILED: CMakeFiles/cmTC_b3596.dir/src.c.obj 
C:\PROGRA~2\MICROS~1\2019\COMMUN~1\VC\Tools\MSVC\1427~1.291\bin\Hostx64\x64\cl.exe  /nologo   /DWIN32 /D_WINDOWS /W3 -DSCOTCH_Num_8 /MDd /Zi /Ob0 /Od /RTC1 /showIncludes /FoCMakeFiles\cmTC_b3596.dir\src.c.obj /FdCMakeFiles\cmTC_b3596.dir\ /FS -c src.c
src.c(4): fatal error C1083: Cannot open include file: 'scotch.h': No such file or directory
ninja: build stopped: subcommand failed.


...and run output:

Return value: 1
Source file was:

#include <stdio.h>
#include <stdint.h>
#include <scotch.h>
int main(int argc, char **argv) {
  if (sizeof(SCOTCH_Num) == 8)
    return 0;
  else
    return 1;
}

The MPI test test_mpi for C in mode normal failed to compile with the following output:
Change Dir: C:/Users/zoes_/OneDrive/Υπολογιστής/IglTesting/eigen/out/build/x64-Debug (default)/CMakeFiles/CMakeTmp

Run Build Command(s):C:/Program Files (x86)/Microsoft Visual Studio/2019/Community/Common7/IDE/CommonExtensions/Microsoft/CMake/Ninja/ninja.exe cmTC_fa601 && [1/2] Building C object CMakeFiles\cmTC_fa601.dir\test_mpi.c.obj
FAILED: CMakeFiles/cmTC_fa601.dir/test_mpi.c.obj 
C:\PROGRA~2\MICROS~1\2019\COMMUN~1\VC\Tools\MSVC\1427~1.291\bin\Hostx64\x64\cl.exe  /nologo   /DWIN32 /D_WINDOWS /W3  /MDd /Zi /Ob0 /Od /RTC1 /showIncludes /FoCMakeFiles\cmTC_fa601.dir\test_mpi.c.obj /FdCMakeFiles\cmTC_fa601.dir\ /FS -c "C:\Program Files (x86)\Microsoft Visual Studio\2019\Community\Common7\IDE\CommonExtensions\Microsoft\CMake\CMake\share\cmake-3.17\Modules\FindMPI\test_mpi.c"
C:\Program Files (x86)\Microsoft Visual Studio\2019\Community\Common7\IDE\CommonExtensions\Microsoft\CMake\CMake\share\cmake-3.17\Modules\FindMPI\test_mpi.c(1): fatal error C1083: Cannot open include file: 'mpi.h': No such file or directory
ninja: build stopped: subcommand failed.



The MPI test test_mpi for CXX in mode normal failed to compile with the following output:
Change Dir: C:/Users/zoes_/OneDrive/Υπολογιστής/IglTesting/eigen/out/build/x64-Debug (default)/CMakeFiles/CMakeTmp

Run Build Command(s):C:/Program Files (x86)/Microsoft Visual Studio/2019/Community/Common7/IDE/CommonExtensions/Microsoft/CMake/Ninja/ninja.exe cmTC_2b5bc && [1/2] Building CXX object CMakeFiles\cmTC_2b5bc.dir\test_mpi.cpp.obj
FAILED: CMakeFiles/cmTC_2b5bc.dir/test_mpi.cpp.obj 
C:\PROGRA~2\MICROS~1\2019\COMMUN~1\VC\Tools\MSVC\1427~1.291\bin\Hostx64\x64\cl.exe  /nologo /TP   /DWIN32 /D_WINDOWS /W4 /GR /EHsc /EHsc /wd4127 /wd4505 /wd4714 /D_CRT_SECURE_NO_WARNINGS /D_SCL_SECURE_NO_WARNINGS  /MDd /Zi /Ob0 /Od /RTC1 /showIncludes /FoCMakeFiles\cmTC_2b5bc.dir\test_mpi.cpp.obj /FdCMakeFiles\cmTC_2b5bc.dir\ /FS -c "C:\Users\zoes_\OneDrive\╒ΏΎΈΎήώ≤Ϊ▐≥\IglTesting\eigen\out\build\x64-Debug (default)\CMakeFiles\FindMPI\test_mpi.cpp"
C:\Users\zoes_\OneDrive\Υπολογιστής\IglTesting\eigen\out\build\x64-Debug (default)\CMakeFiles\FindMPI\test_mpi.cpp(1): fatal error C1083: Cannot open include file: 'mpi.h': No such file or directory
ninja: build stopped: subcommand failed.



Performing C SOURCE FILE Test PTSCOTCH_Num_4 failed with the following compile output:
Change Dir: C:/Users/zoes_/OneDrive/Υπολογιστής/IglTesting/eigen/out/build/x64-Debug (default)/CMakeFiles/CMakeTmp

Run Build Command(s):C:/Program Files (x86)/Microsoft Visual Studio/2019/Community/Common7/IDE/CommonExtensions/Microsoft/CMake/Ninja/ninja.exe cmTC_2b3ac && [1/2] Building C object CMakeFiles\cmTC_2b3ac.dir\src.c.obj
FAILED: CMakeFiles/cmTC_2b3ac.dir/src.c.obj 
C:\PROGRA~2\MICROS~1\2019\COMMUN~1\VC\Tools\MSVC\1427~1.291\bin\Hostx64\x64\cl.exe  /nologo   /DWIN32 /D_WINDOWS /W3 -DPTSCOTCH_Num_4 /MDd /Zi /Ob0 /Od /RTC1 /showIncludes /FoCMakeFiles\cmTC_2b3ac.dir\src.c.obj /FdCMakeFiles\cmTC_2b3ac.dir\ /FS -c src.c
src.c(4): fatal error C1083: Cannot open include file: 'ptscotch.h': No such file or directory
ninja: build stopped: subcommand failed.


...and run output:

Return value: 1
Source file was:

#include <stdio.h>
#include <stdint.h>
#include <ptscotch.h>
int main(int argc, char **argv) {
  if (sizeof(SCOTCH_Num) == 4)
    return 0;
  else
    return 1;
}

Performing C SOURCE FILE Test PTSCOTCH_Num_8 failed with the following compile output:
Change Dir: C:/Users/zoes_/OneDrive/Υπολογιστής/IglTesting/eigen/out/build/x64-Debug (default)/CMakeFiles/CMakeTmp

Run Build Command(s):C:/Program Files (x86)/Microsoft Visual Studio/2019/Community/Common7/IDE/CommonExtensions/Microsoft/CMake/Ninja/ninja.exe cmTC_e6f15 && [1/2] Building C object CMakeFiles\cmTC_e6f15.dir\src.c.obj
FAILED: CMakeFiles/cmTC_e6f15.dir/src.c.obj 
C:\PROGRA~2\MICROS~1\2019\COMMUN~1\VC\Tools\MSVC\1427~1.291\bin\Hostx64\x64\cl.exe  /nologo   /DWIN32 /D_WINDOWS /W3 -DPTSCOTCH_Num_8 /MDd /Zi /Ob0 /Od /RTC1 /showIncludes /FoCMakeFiles\cmTC_e6f15.dir\src.c.obj /FdCMakeFiles\cmTC_e6f15.dir\ /FS -c src.c
src.c(4): fatal error C1083: Cannot open include file: 'ptscotch.h': No such file or directory
ninja: build stopped: subcommand failed.


...and run output:

Return value: 1
Source file was:

#include <stdio.h>
#include <stdint.h>
#include <ptscotch.h>
int main(int argc, char **argv) {
  if (sizeof(SCOTCH_Num) == 8)
    return 0;
  else
    return 1;
}

Performing C++ SOURCE FILE Test COMPILER_SUPPORT_FASTMATH failed with the following output:
Change Dir: C:/Users/zoes_/OneDrive/Υπολογιστής/IglTesting/eigen/out/build/x64-Debug (default)/CMakeFiles/CMakeTmp

Run Build Command(s):C:/Program Files (x86)/Microsoft Visual Studio/2019/Community/Common7/IDE/CommonExtensions/Microsoft/CMake/Ninja/ninja.exe cmTC_458e5 && [1/2] Building CXX object CMakeFiles\cmTC_458e5.dir\src.cxx.obj
cl : Command line warning D9002 : ignoring unknown option '-ffast-math'
[2/2] Linking CXX executable cmTC_458e5.exe


Source file was:
int main() { return 0; }
Performing C++ SOURCE FILE Test COMPILER_SUPPORT_std=cpp03 failed with the following output:
Change Dir: C:/Users/zoes_/OneDrive/Υπολογιστής/IglTesting/eigen/out/build/x64-Debug (default)/CMakeFiles/CMakeTmp

Run Build Command(s):C:/Program Files (x86)/Microsoft Visual Studio/2019/Community/Common7/IDE/CommonExtensions/Microsoft/CMake/Ninja/ninja.exe cmTC_39901 && [1/2] Building CXX object CMakeFiles\cmTC_39901.dir\src.cxx.obj
cl : Command line warning D9002 : ignoring unknown option '-std=c++03'
[2/2] Linking CXX executable cmTC_39901.exe


Source file was:
int main() { return 0; }
The MPI test test_mpi for C in mode normal failed to compile with the following output:
Change Dir: C:/Users/zoes_/OneDrive/Υπολογιστής/IglTesting/eigen/out/build/x64-Debug (default)/CMakeFiles/CMakeTmp

Run Build Command(s):C:/Program Files (x86)/Microsoft Visual Studio/2019/Community/Common7/IDE/CommonExtensions/Microsoft/CMake/Ninja/ninja.exe cmTC_49ed1 && [1/2] Building C object CMakeFiles\cmTC_49ed1.dir\test_mpi.c.obj
FAILED: CMakeFiles/cmTC_49ed1.dir/test_mpi.c.obj 
C:\PROGRA~2\MICROS~1\2019\COMMUN~1\VC\Tools\MSVC\1427~1.291\bin\Hostx64\x64\cl.exe  /nologo   /DWIN32 /D_WINDOWS /W3  /MDd /Zi /Ob0 /Od /RTC1 /showIncludes /FoCMakeFiles\cmTC_49ed1.dir\test_mpi.c.obj /FdCMakeFiles\cmTC_49ed1.dir\ /FS -c "C:\Program Files (x86)\Microsoft Visual Studio\2019\Community\Common7\IDE\CommonExtensions\Microsoft\CMake\CMake\share\cmake-3.17\Modules\FindMPI\test_mpi.c"
C:\Program Files (x86)\Microsoft Visual Studio\2019\Community\Common7\IDE\CommonExtensions\Microsoft\CMake\CMake\share\cmake-3.17\Modules\FindMPI\test_mpi.c(1): fatal error C1083: Cannot open include file: 'mpi.h': No such file or directory
ninja: build stopped: subcommand failed.



The MPI test test_mpi for CXX in mode normal failed to compile with the following output:
Change Dir: C:/Users/zoes_/OneDrive/Υπολογιστής/IglTesting/eigen/out/build/x64-Debug (default)/CMakeFiles/CMakeTmp

Run Build Command(s):C:/Program Files (x86)/Microsoft Visual Studio/2019/Community/Common7/IDE/CommonExtensions/Microsoft/CMake/Ninja/ninja.exe cmTC_b389f && [1/2] Building CXX object CMakeFiles\cmTC_b389f.dir\test_mpi.cpp.obj
FAILED: CMakeFiles/cmTC_b389f.dir/test_mpi.cpp.obj 
C:\PROGRA~2\MICROS~1\2019\COMMUN~1\VC\Tools\MSVC\1427~1.291\bin\Hostx64\x64\cl.exe  /nologo /TP   /DWIN32 /D_WINDOWS /W4 /GR /EHsc /EHsc /wd4127 /wd4505 /wd4714 /D_CRT_SECURE_NO_WARNINGS /D_SCL_SECURE_NO_WARNINGS  /MDd /Zi /Ob0 /Od /RTC1 /showIncludes /FoCMakeFiles\cmTC_b389f.dir\test_mpi.cpp.obj /FdCMakeFiles\cmTC_b389f.dir\ /FS -c "C:\Users\zoes_\OneDrive\╒ΏΎΈΎήώ≤Ϊ▐≥\IglTesting\eigen\out\build\x64-Debug (default)\CMakeFiles\FindMPI\test_mpi.cpp"
C:\Users\zoes_\OneDrive\Υπολογιστής\IglTesting\eigen\out\build\x64-Debug (default)\CMakeFiles\FindMPI\test_mpi.cpp(1): fatal error C1083: Cannot open include file: 'mpi.h': No such file or directory
ninja: build stopped: subcommand failed.



The MPI test test_mpi for C in mode normal failed to compile with the following output:
Change Dir: C:/Users/zoes_/OneDrive/Υπολογιστής/IglTesting/eigen/out/build/x64-Debug (default)/CMakeFiles/CMakeTmp

Run Build Command(s):C:/Program Files (x86)/Microsoft Visual Studio/2019/Community/Common7/IDE/CommonExtensions/Microsoft/CMake/Ninja/ninja.exe cmTC_ad98e && [1/2] Building C object CMakeFiles\cmTC_ad98e.dir\test_mpi.c.obj
FAILED: CMakeFiles/cmTC_ad98e.dir/test_mpi.c.obj 
C:\PROGRA~2\MICROS~1\2019\COMMUN~1\VC\Tools\MSVC\1427~1.291\bin\Hostx64\x64\cl.exe  /nologo   /DWIN32 /D_WINDOWS /W3  /MDd /Zi /Ob0 /Od /RTC1 /showIncludes /FoCMakeFiles\cmTC_ad98e.dir\test_mpi.c.obj /FdCMakeFiles\cmTC_ad98e.dir\ /FS -c "C:\Program Files (x86)\Microsoft Visual Studio\2019\Community\Common7\IDE\CommonExtensions\Microsoft\CMake\CMake\share\cmake-3.17\Modules\FindMPI\test_mpi.c"
C:\Program Files (x86)\Microsoft Visual Studio\2019\Community\Common7\IDE\CommonExtensions\Microsoft\CMake\CMake\share\cmake-3.17\Modules\FindMPI\test_mpi.c(1): fatal error C1083: Cannot open include file: 'mpi.h': No such file or directory
ninja: build stopped: subcommand failed.



The MPI test test_mpi for CXX in mode normal failed to compile with the following output:
Change Dir: C:/Users/zoes_/OneDrive/Υπολογιστής/IglTesting/eigen/out/build/x64-Debug (default)/CMakeFiles/CMakeTmp

Run Build Command(s):C:/Program Files (x86)/Microsoft Visual Studio/2019/Community/Common7/IDE/CommonExtensions/Microsoft/CMake/Ninja/ninja.exe cmTC_01221 && [1/2] Building CXX object CMakeFiles\cmTC_01221.dir\test_mpi.cpp.obj
FAILED: CMakeFiles/cmTC_01221.dir/test_mpi.cpp.obj 
C:\PROGRA~2\MICROS~1\2019\COMMUN~1\VC\Tools\MSVC\1427~1.291\bin\Hostx64\x64\cl.exe  /nologo /TP   /DWIN32 /D_WINDOWS /W4 /GR /EHsc /EHsc /wd4127 /wd4505 /wd4714 /D_CRT_SECURE_NO_WARNINGS /D_SCL_SECURE_NO_WARNINGS  /MDd /Zi /Ob0 /Od /RTC1 /showIncludes /FoCMakeFiles\cmTC_01221.dir\test_mpi.cpp.obj /FdCMakeFiles\cmTC_01221.dir\ /FS -c "C:\Users\zoes_\OneDrive\╒ΏΎΈΎήώ≤Ϊ▐≥\IglTesting\eigen\out\build\x64-Debug (default)\CMakeFiles\FindMPI\test_mpi.cpp"
C:\Users\zoes_\OneDrive\Υπολογιστής\IglTesting\eigen\out\build\x64-Debug (default)\CMakeFiles\FindMPI\test_mpi.cpp(1): fatal error C1083: Cannot open include file: 'mpi.h': No such file or directory
ninja: build stopped: subcommand failed.



Performing C++ SOURCE FILE Test COMPILER_SUPPORT_std=cpp03 failed with the following output:
Change Dir: C:/Users/zoes_/OneDrive/Υπολογιστής/IglTesting/eigen/out/build/x64-Debug (default)/CMakeFiles/CMakeTmp

Run Build Command(s):C:/Program Files (x86)/Microsoft Visual Studio/2019/Community/Common7/IDE/CommonExtensions/Microsoft/CMake/Ninja/ninja.exe cmTC_6e3d2 && [1/2] Building CXX object CMakeFiles\cmTC_6e3d2.dir\src.cxx.obj
cl : Command line warning D9002 : ignoring unknown option '-std=c++03'
[2/2] Linking CXX executable cmTC_6e3d2.exe


Source file was:
int main() { return 0; }
The MPI test test_mpi for C in mode normal failed to compile with the following output:
Change Dir: C:/Users/zoes_/OneDrive/Υπολογιστής/IglTesting/eigen/out/build/x64-Debug (default)/CMakeFiles/CMakeTmp

Run Build Command(s):C:/Program Files (x86)/Microsoft Visual Studio/2019/Community/Common7/IDE/CommonExtensions/Microsoft/CMake/Ninja/ninja.exe cmTC_51ba4 && [1/2] Building C object CMakeFiles\cmTC_51ba4.dir\test_mpi.c.obj
FAILED: CMakeFiles/cmTC_51ba4.dir/test_mpi.c.obj 
C:\PROGRA~2\MICROS~1\2019\COMMUN~1\VC\Tools\MSVC\1427~1.291\bin\Hostx64\x64\cl.exe  /nologo   /DWIN32 /D_WINDOWS /W3  /MDd /Zi /Ob0 /Od /RTC1 /showIncludes /FoCMakeFiles\cmTC_51ba4.dir\test_mpi.c.obj /FdCMakeFiles\cmTC_51ba4.dir\ /FS -c "C:\Program Files (x86)\Microsoft Visual Studio\2019\Community\Common7\IDE\CommonExtensions\Microsoft\CMake\CMake\share\cmake-3.17\Modules\FindMPI\test_mpi.c"
C:\Program Files (x86)\Microsoft Visual Studio\2019\Community\Common7\IDE\CommonExtensions\Microsoft\CMake\CMake\share\cmake-3.17\Modules\FindMPI\test_mpi.c(1): fatal error C1083: Cannot open include file: 'mpi.h': No such file or directory
ninja: build stopped: subcommand failed.



The MPI test test_mpi for CXX in mode normal failed to compile with the following output:
Change Dir: C:/Users/zoes_/OneDrive/Υπολογιστής/IglTesting/eigen/out/build/x64-Debug (default)/CMakeFiles/CMakeTmp

Run Build Command(s):C:/Program Files (x86)/Microsoft Visual Studio/2019/Community/Common7/IDE/CommonExtensions/Microsoft/CMake/Ninja/ninja.exe cmTC_ce8db && [1/2] Building CXX object CMakeFiles\cmTC_ce8db.dir\test_mpi.cpp.obj
FAILED: CMakeFiles/cmTC_ce8db.dir/test_mpi.cpp.obj 
C:\PROGRA~2\MICROS~1\2019\COMMUN~1\VC\Tools\MSVC\1427~1.291\bin\Hostx64\x64\cl.exe  /nologo /TP   /DWIN32 /D_WINDOWS /W4 /GR /EHsc /EHsc /wd4127 /wd4505 /wd4714 /D_CRT_SECURE_NO_WARNINGS /D_SCL_SECURE_NO_WARNINGS  /MDd /Zi /Ob0 /Od /RTC1 /showIncludes /FoCMakeFiles\cmTC_ce8db.dir\test_mpi.cpp.obj /FdCMakeFiles\cmTC_ce8db.dir\ /FS -c "C:\Users\zoes_\OneDrive\╒ΏΎΈΎήώ≤Ϊ▐≥\IglTesting\eigen\out\build\x64-Debug (default)\CMakeFiles\FindMPI\test_mpi.cpp"
C:\Users\zoes_\OneDrive\Υπολογιστής\IglTesting\eigen\out\build\x64-Debug (default)\CMakeFiles\FindMPI\test_mpi.cpp(1): fatal error C1083: Cannot open include file: 'mpi.h': No such file or directory
ninja: build stopped: subcommand failed.



The MPI test test_mpi for C in mode normal failed to compile with the following output:
Change Dir: C:/Users/zoes_/OneDrive/Υπολογιστής/IglTesting/eigen/out/build/x64-Debug (default)/CMakeFiles/CMakeTmp

Run Build Command(s):C:/Program Files (x86)/Microsoft Visual Studio/2019/Community/Common7/IDE/CommonExtensions/Microsoft/CMake/Ninja/ninja.exe cmTC_9cba1 && [1/2] Building C object CMakeFiles\cmTC_9cba1.dir\test_mpi.c.obj
FAILED: CMakeFiles/cmTC_9cba1.dir/test_mpi.c.obj 
C:\PROGRA~2\MICROS~1\2019\COMMUN~1\VC\Tools\MSVC\1427~1.291\bin\Hostx64\x64\cl.exe  /nologo   /DWIN32 /D_WINDOWS /W3  /MDd /Zi /Ob0 /Od /RTC1 /showIncludes /FoCMakeFiles\cmTC_9cba1.dir\test_mpi.c.obj /FdCMakeFiles\cmTC_9cba1.dir\ /FS -c "C:\Program Files (x86)\Microsoft Visual Studio\2019\Community\Common7\IDE\CommonExtensions\Microsoft\CMake\CMake\share\cmake-3.17\Modules\FindMPI\test_mpi.c"
C:\Program Files (x86)\Microsoft Visual Studio\2019\Community\Common7\IDE\CommonExtensions\Microsoft\CMake\CMake\share\cmake-3.17\Modules\FindMPI\test_mpi.c(1): fatal error C1083: Cannot open include file: 'mpi.h': No such file or directory
ninja: build stopped: subcommand failed.



The MPI test test_mpi for CXX in mode normal failed to compile with the following output:
Change Dir: C:/Users/zoes_/OneDrive/Υπολογιστής/IglTesting/eigen/out/build/x64-Debug (default)/CMakeFiles/CMakeTmp

Run Build Command(s):C:/Program Files (x86)/Microsoft Visual Studio/2019/Community/Common7/IDE/CommonExtensions/Microsoft/CMake/Ninja/ninja.exe cmTC_23d21 && [1/2] Building CXX object CMakeFiles\cmTC_23d21.dir\test_mpi.cpp.obj
FAILED: CMakeFiles/cmTC_23d21.dir/test_mpi.cpp.obj 
C:\PROGRA~2\MICROS~1\2019\COMMUN~1\VC\Tools\MSVC\1427~1.291\bin\Hostx64\x64\cl.exe  /nologo /TP   /DWIN32 /D_WINDOWS /W4 /GR /EHsc /EHsc /wd4127 /wd4505 /wd4714 /D_CRT_SECURE_NO_WARNINGS /D_SCL_SECURE_NO_WARNINGS  /MDd /Zi /Ob0 /Od /RTC1 /showIncludes /FoCMakeFiles\cmTC_23d21.dir\test_mpi.cpp.obj /FdCMakeFiles\cmTC_23d21.dir\ /FS -c "C:\Users\zoes_\OneDrive\╒ΏΎΈΎήώ≤Ϊ▐≥\IglTesting\eigen\out\build\x64-Debug (default)\CMakeFiles\FindMPI\test_mpi.cpp"
C:\Users\zoes_\OneDrive\Υπολογιστής\IglTesting\eigen\out\build\x64-Debug (default)\CMakeFiles\FindMPI\test_mpi.cpp(1): fatal error C1083: Cannot open include file: 'mpi.h': No such file or directory
ninja: build stopped: subcommand failed.



